[2022-05-03T16:24:31.851] [WARN] default - Not Found: GET a /socket.io/socket.io.js
[2022-05-03T16:24:31.856] [WARN] default - Not Found: GET a /css/styles.css
[2022-05-03T16:24:35.489] [WARN] default - Not Found: GET a /favicon.ico
[2022-05-03T16:24:44.450] [WARN] default - Not Found: GET a /randomjs
[2022-05-03T16:24:48.525] [WARN] default - Not Found: GET a /random
[2022-05-03T16:24:52.237] [WARN] default - Not Found: GET a /api/random
[2022-05-03T16:40:24.644] [WARN] default - Not Found: GET a /favicon.ico
[2022-05-04T21:03:25.040] [WARN] default - Not Found: GET a /favicon.ico
[2022-05-04T21:03:37.553] [WARN] default - Not Found: GET a /favicon.ico
[2022-05-04T21:04:42.011] [WARN] default - Not Found: GET a /favicon.ico
[2022-05-04T21:05:30.040] [WARN] default - Not Found: GET a /favicon.ico
[2022-05-09T19:42:08.061] [WARN] default - Not Found: GET a /socket.io/socket.io.js
[2022-05-09T19:42:08.074] [WARN] default - Not Found: GET a /css/styles.css
[2022-05-09T19:42:08.275] [WARN] default - Not Found: GET a /css/styles.css
[2022-05-09T19:42:08.547] [WARN] default - Not Found: GET a /favicon.ico
[2022-05-09T20:32:14.146] [WARN] default - Not Found: GET a /socket.io/socket.io.js
[2022-05-09T20:32:14.156] [WARN] default - Not Found: GET a /css/styles.css
[2022-05-09T20:32:14.253] [WARN] default - Not Found: GET a /css/styles.css
[2022-05-09T20:32:14.411] [WARN] default - Not Found: GET a /favicon.ico
[2022-05-09T20:32:16.721] [WARN] default - Not Found: GET a /socket.io/socket.io.js
[2022-05-09T20:32:16.737] [WARN] default - Not Found: GET a /css/styles.css
[2022-05-09T20:32:23.191] [WARN] default - Not Found: GET a /socket.io/socket.io.js
[2022-05-09T20:32:23.239] [WARN] default - Not Found: GET a /css/styles.css
[2022-05-09T20:32:59.613] [WARN] default - Not Found: GET a /css/styles.css
[2022-05-09T20:32:59.618] [WARN] default - Not Found: GET a /socket.io/socket.io.js
[2022-05-09T20:33:00.398] [WARN] default - Not Found: GET a /css/styles.css
[2022-05-09T20:33:04.940] [WARN] default - Not Found: GET a /css/styles.css
[2022-05-09T20:33:04.942] [WARN] default - Not Found: GET a /socket.io/socket.io.js
[2022-05-09T20:33:05.050] [WARN] default - Not Found: GET a /css/styles.css
